1619324480.019839 client started (30273): version 2.6, socket /tmp/tmux-1000/default, protocol 8
1619324480.019877 on Linux 5.4.0-72-generic #80~18.04.1-Ubuntu SMP Mon Apr 12 23:26:25 UTC 2021; libevent 2.1.8-stable (poll)
1619324480.019901 socket is /tmp/tmux-1000/default
1619324480.019917 trying connect
1619324480.020001 add peer 0x561366a30120: 7 ((nil))
1619324480.020078 sending message 100 to peer 0x561366a30120 (4 bytes)
1619324480.020089 sending message 101 to peer 0x561366a30120 (15 bytes)
1619324480.020097 sending message 102 to peer 0x561366a30120 (11 bytes)
1619324480.020104 sending message 108 to peer 0x561366a30120 (27 bytes)
1619324480.020112 sending message 104 to peer 0x561366a30120 (0 bytes)
1619324480.020120 sending message 107 to peer 0x561366a30120 (4 bytes)
1619324480.020127 sending message 105 to peer 0x561366a30120 (52 bytes)
1619324480.020135 sending message 105 to peer 0x561366a30120 (47 bytes)
1619324480.020142 sending message 105 to peer 0x561366a30120 (25 bytes)
1619324480.020149 sending message 105 to peer 0x561366a30120 (20 bytes)
1619324480.020155 sending message 105 to peer 0x561366a30120 (17 bytes)
1619324480.020162 sending message 105 to peer 0x561366a30120 (11 bytes)
1619324480.020169 sending message 105 to peer 0x561366a30120 (8 bytes)
1619324480.020176 sending message 105 to peer 0x561366a30120 (15 bytes)
1619324480.020182 sending message 105 to peer 0x561366a30120 (15 bytes)
1619324480.020189 sending message 105 to peer 0x561366a30120 (20 bytes)
1619324480.020199 sending message 105 to peer 0x561366a30120 (11 bytes)
1619324480.020207 sending message 105 to peer 0x561366a30120 (20 bytes)
1619324480.020213 sending message 105 to peer 0x561366a30120 (76 bytes)
1619324480.020220 sending message 105 to peer 0x561366a30120 (36 bytes)
1619324480.020227 sending message 105 to peer 0x561366a30120 (50 bytes)
1619324480.020234 sending message 105 to peer 0x561366a30120 (26 bytes)
1619324480.020240 sending message 105 to peer 0x561366a30120 (81 bytes)
1619324480.020247 sending message 105 to peer 0x561366a30120 (20 bytes)
1619324480.020254 sending message 105 to peer 0x561366a30120 (18 bytes)
1619324480.020261 sending message 105 to peer 0x561366a30120 (41 bytes)
1619324480.020268 sending message 105 to peer 0x561366a30120 (25 bytes)
1619324480.020274 sending message 105 to peer 0x561366a30120 (23 bytes)
1619324480.020281 sending message 105 to peer 0x561366a30120 (29 bytes)
1619324480.020288 sending message 105 to peer 0x561366a30120 (10 bytes)
1619324480.020310 sending message 105 to peer 0x561366a30120 (20 bytes)
1619324480.020318 sending message 105 to peer 0x561366a30120 (31 bytes)
1619324480.020325 sending message 105 to peer 0x561366a30120 (30 bytes)
1619324480.020332 sending message 105 to peer 0x561366a30120 (17 bytes)
1619324480.020339 sending message 105 to peer 0x561366a30120 (27 bytes)
1619324480.020346 sending message 105 to peer 0x561366a30120 (23 bytes)
1619324480.020353 sending message 105 to peer 0x561366a30120 (24 bytes)
1619324480.020360 sending message 105 to peer 0x561366a30120 (21 bytes)
1619324480.020367 sending message 105 to peer 0x561366a30120 (54 bytes)
1619324480.020374 sending message 105 to peer 0x561366a30120 (44 bytes)
1619324480.020381 sending message 105 to peer 0x561366a30120 (17 bytes)
1619324480.020388 sending message 105 to peer 0x561366a30120 (181 bytes)
1619324480.020395 sending message 105 to peer 0x561366a30120 (253 bytes)
1619324480.020403 sending message 105 to peer 0x561366a30120 (23 bytes)
1619324480.020410 sending message 105 to peer 0x561366a30120 (26 bytes)
1619324480.020417 sending message 105 to peer 0x561366a30120 (14 bytes)
1619324480.020424 sending message 105 to peer 0x561366a30120 (15 bytes)
1619324480.020431 sending message 105 to peer 0x561366a30120 (19 bytes)
1619324480.020438 sending message 105 to peer 0x561366a30120 (21 bytes)
1619324480.020445 sending message 105 to peer 0x561366a30120 (20 bytes)
1619324480.020452 sending message 105 to peer 0x561366a30120 (19 bytes)
1619324480.020459 sending message 105 to peer 0x561366a30120 (28 bytes)
1619324480.020477 sending message 105 to peer 0x561366a30120 (29 bytes)
1619324480.020485 sending message 105 to peer 0x561366a30120 (41 bytes)
1619324480.020492 sending message 105 to peer 0x561366a30120 (338 bytes)
1619324480.020500 sending message 105 to peer 0x561366a30120 (18 bytes)
1619324480.020507 sending message 105 to peer 0x561366a30120 (16 bytes)
1619324480.020514 sending message 105 to peer 0x561366a30120 (18 bytes)
1619324480.020521 sending message 105 to peer 0x561366a30120 (15 bytes)
1619324480.020528 sending message 105 to peer 0x561366a30120 (19 bytes)
1619324480.020535 sending message 105 to peer 0x561366a30120 (23 bytes)
1619324480.020542 sending message 105 to peer 0x561366a30120 (31 bytes)
1619324480.020549 sending message 105 to peer 0x561366a30120 (58 bytes)
1619324480.020556 sending message 105 to peer 0x561366a30120 (12 bytes)
1619324480.020563 sending message 105 to peer 0x561366a30120 (36 bytes)
1619324480.020570 sending message 105 to peer 0x561366a30120 (52 bytes)
1619324480.020577 sending message 105 to peer 0x561366a30120 (29 bytes)
1619324480.020584 sending message 105 to peer 0x561366a30120 (28 bytes)
1619324480.020591 sending message 105 to peer 0x561366a30120 (26 bytes)
1619324480.020598 sending message 105 to peer 0x561366a30120 (36 bytes)
1619324480.020606 sending message 105 to peer 0x561366a30120 (37 bytes)
1619324480.020613 sending message 105 to peer 0x561366a30120 (24 bytes)
1619324480.020619 sending message 105 to peer 0x561366a30120 (11 bytes)
1619324480.020626 sending message 105 to peer 0x561366a30120 (8 bytes)
1619324480.020634 sending message 105 to peer 0x561366a30120 (32 bytes)
1619324480.020642 sending message 105 to peer 0x561366a30120 (1516 bytes)
1619324480.020653 sending message 105 to peer 0x561366a30120 (67 bytes)
1619324480.020660 sending message 105 to peer 0x561366a30120 (26 bytes)
1619324480.020667 sending message 105 to peer 0x561366a30120 (16 bytes)
1619324480.020674 sending message 105 to peer 0x561366a30120 (53 bytes)
1619324480.020682 sending message 105 to peer 0x561366a30120 (62 bytes)
1619324480.020689 sending message 105 to peer 0x561366a30120 (24 bytes)
1619324480.020696 sending message 105 to peer 0x561366a30120 (27 bytes)
1619324480.020703 sending message 105 to peer 0x561366a30120 (35 bytes)
1619324480.020710 sending message 105 to peer 0x561366a30120 (29 bytes)
1619324480.020717 sending message 105 to peer 0x561366a30120 (43 bytes)
1619324480.020724 sending message 105 to peer 0x561366a30120 (84 bytes)
1619324480.020731 sending message 105 to peer 0x561366a30120 (49 bytes)
1619324480.020738 sending message 105 to peer 0x561366a30120 (49 bytes)
1619324480.020745 sending message 105 to peer 0x561366a30120 (24 bytes)
1619324480.020752 sending message 105 to peer 0x561366a30120 (20 bytes)
1619324480.020759 sending message 105 to peer 0x561366a30120 (14 bytes)
1619324480.020766 sending message 105 to peer 0x561366a30120 (15 bytes)
1619324480.020773 sending message 105 to peer 0x561366a30120 (27 bytes)
1619324480.020780 sending message 105 to peer 0x561366a30120 (18 bytes)
1619324480.020787 sending message 105 to peer 0x561366a30120 (14 bytes)
1619324480.020794 sending message 105 to peer 0x561366a30120 (18 bytes)
1619324480.020801 sending message 105 to peer 0x561366a30120 (20 bytes)
1619324480.020808 sending message 105 to peer 0x561366a30120 (23 bytes)
1619324480.020814 sending message 105 to peer 0x561366a30120 (11 bytes)
1619324480.020821 sending message 105 to peer 0x561366a30120 (16 bytes)
1619324480.020829 sending message 105 to peer 0x561366a30120 (15 bytes)
1619324480.020836 sending message 105 to peer 0x561366a30120 (15 bytes)
1619324480.020842 sending message 105 to peer 0x561366a30120 (15 bytes)
1619324480.020850 sending message 105 to peer 0x561366a30120 (23 bytes)
1619324480.020856 sending message 105 to peer 0x561366a30120 (15 bytes)
1619324480.020863 sending message 105 to peer 0x561366a30120 (17 bytes)
1619324480.020870 sending message 105 to peer 0x561366a30120 (9 bytes)
1619324480.020878 sending message 105 to peer 0x561366a30120 (17 bytes)
1619324480.020892 sending message 105 to peer 0x561366a30120 (14 bytes)
1619324480.020899 sending message 105 to peer 0x561366a30120 (10 bytes)
1619324480.020906 sending message 105 to peer 0x561366a30120 (16 bytes)
1619324480.020913 sending message 105 to peer 0x561366a30120 (16 bytes)
1619324480.020920 sending message 106 to peer 0x561366a30120 (0 bytes)
1619324480.020928 sending message 200 to peer 0x561366a30120 (4 bytes)
1619324480.020934 client loop enter
1619324480.024932 peer 0x561366a30120 message 207
1619324480.024956 sending message 208 to peer 0x561366a30120 (0 bytes)
1619324486.058925 peer 0x561366a30120 message 203
1619324486.058969 sending message 205 to peer 0x561366a30120 (0 bytes)
1619324486.059273 peer 0x561366a30120 message 204
1619324486.059280 client loop exit
